<?xml version="1.0" encoding="UTF-8"?>
<!-- Generated by org.testng.reporters.JUnitReportReporter -->
<testsuite hostname="LAPTOP-9R196OUV" failures="0" tests="1" name="ReviewTest" time="0.360" errors="0" timestamp="2022-02-26T23:58:07 SGT" skipped="0">
  <testcase classname="ReviewTest" name="checkTitle" time="0.360"/>
</testsuite> <!-- ReviewTest -->
